2024-06-26 0000-WARNING: Sample log message 0
2024-06-26 0001-ERROR: Sample log message 1
2024-06-26 0002-WARNING: Sample log message 2
2024-06-26 0003-DEBUG: Sample log message 3
2024-06-26 0004-ERROR: Sample log message 4
2024-06-26 0005-INFO: Sample log message 5
2024-06-26 0006-WARNING: Sample log message 6
2024-06-26 0007-ERROR: Sample log message 7
2024-06-26 0008-INFO: Sample log message 8
2024-06-26 0009-INFO: Sample log message 9
2024-06-26 0010-ERROR: Sample log message 10
2024-06-26 0011-DEBUG: Sample log message 11
2024-06-26 0012-WARNING: Sample log message 12
2024-06-26 0013-WARNING: Sample log message 13
2024-06-26 0014-WARNING: Sample log message 14
2024-06-26 0015-INFO: Sample log message 15
2024-06-26 0016-ERROR: Sample log message 16
2024-06-26 0017-INFO: Sample log message 17
2024-06-26 0018-ERROR: Sample log message 18
2024-06-26 0019-INFO: Sample log message 19
2024-06-26 0020-DEBUG: Sample log message 20
2024-06-26 0021-WARNING: Sample log message 21
2024-06-26 0022-INFO: Sample log message 22
2024-06-26 0023-INFO: Sample log message 23
2024-06-26 0024-WARNING: Sample log message 24
2024-06-26 0025-WARNING: Sample log message 25
2024-06-26 0026-ERROR: Sample log message 26
2024-06-26 0027-ERROR: Sample log message 27
2024-06-26 0028-DEBUG: Sample log message 28
2024-06-26 0029-DEBUG: Sample log message 29
2024-06-26 0030-WARNING: Sample log message 30
2024-06-26 0031-DEBUG: Sample log message 31
2024-06-26 0032-WARNING: Sample log message 32
2024-06-26 0033-ERROR: Sample log message 33
2024-06-26 0034-DEBUG: Sample log message 34
2024-06-26 0035-WARNING: Sample log message 35
2024-06-26 0036-ERROR: Sample log message 36
2024-06-26 0037-ERROR: Sample log message 37
2024-06-26 0038-WARNING: Sample log message 38
2024-06-26 0039-DEBUG: Sample log message 39
2024-06-26 0040-WARNING: Sample log message 40
2024-06-26 0041-ERROR: Sample log message 41
2024-06-26 0042-WARNING: Sample log message 42
2024-06-26 0043-INFO: Sample log message 43
2024-06-26 0044-WARNING: Sample log message 44
2024-06-26 0045-INFO: Sample log message 45
2024-06-26 0046-INFO: Sample log message 46
2024-06-26 0047-DEBUG: Sample log message 47
2024-06-26 0048-WARNING: Sample log message 48
2024-06-26 0049-INFO: Sample log message 49
2024-06-26 0050-INFO: Sample log message 50
2024-06-26 0051-DEBUG: Sample log message 51
2024-06-26 0052-WARNING: Sample log message 52
2024-06-26 0053-WARNING: Sample log message 53
2024-06-26 0054-ERROR: Sample log message 54
2024-06-26 0055-INFO: Sample log message 55
2024-06-26 0056-DEBUG: Sample log message 56
2024-06-26 0057-DEBUG: Sample log message 57
2024-06-26 0058-WARNING: Sample log message 58
2024-06-26 0059-WARNING: Sample log message 59
2024-06-26 0060-DEBUG: Sample log message 60
2024-06-26 0061-DEBUG: Sample log message 61
2024-06-26 0062-ERROR: Sample log message 62
2024-06-26 0063-WARNING: Sample log message 63
2024-06-26 0064-DEBUG: Sample log message 64
2024-06-26 0065-ERROR: Sample log message 65
2024-06-26 0066-WARNING: Sample log message 66
2024-06-26 0067-INFO: Sample log message 67
2024-06-26 0068-ERROR: Sample log message 68
2024-06-26 0069-INFO: Sample log message 69
2024-06-26 0070-DEBUG: Sample log message 70
2024-06-26 0071-DEBUG: Sample log message 71
2024-06-26 0072-DEBUG: Sample log message 72
2024-06-26 0073-INFO: Sample log message 73
2024-06-26 0074-DEBUG: Sample log message 74
2024-06-26 0075-ERROR: Sample log message 75
2024-06-26 0076-DEBUG: Sample log message 76
2024-06-26 0077-INFO: Sample log message 77
2024-06-26 0078-WARNING: Sample log message 78
2024-06-26 0079-ERROR: Sample log message 79
2024-06-26 0080-ERROR: Sample log message 80
2024-06-26 0081-INFO: Sample log message 81
2024-06-26 0082-ERROR: Sample log message 82
2024-06-26 0083-INFO: Sample log message 83
2024-06-26 0084-DEBUG: Sample log message 84
2024-06-26 0085-DEBUG: Sample log message 85
2024-06-26 0086-INFO: Sample log message 86
2024-06-26 0087-WARNING: Sample log message 87
2024-06-26 0088-ERROR: Sample log message 88
2024-06-26 0089-WARNING: Sample log message 89
2024-06-26 0090-INFO: Sample log message 90
2024-06-26 0091-INFO: Sample log message 91
2024-06-26 0092-ERROR: Sample log message 92
2024-06-26 0093-INFO: Sample log message 93
2024-06-26 0094-ERROR: Sample log message 94
2024-06-26 0095-WARNING: Sample log message 95
2024-06-26 0096-DEBUG: Sample log message 96
2024-06-26 0097-DEBUG: Sample log message 97
2024-06-26 0098-WARNING: Sample log message 98
2024-06-26 0099-ERROR: Sample log message 99
2024-06-26 0100-WARNING: Sample log message 100
2024-06-26 0101-DEBUG: Sample log message 101
2024-06-26 0102-ERROR: Sample log message 102
2024-06-26 0103-INFO: Sample log message 103
2024-06-26 0104-DEBUG: Sample log message 104
2024-06-26 0105-ERROR: Sample log message 105
2024-06-26 0106-ERROR: Sample log message 106
2024-06-26 0107-INFO: Sample log message 107
2024-06-26 0108-ERROR: Sample log message 108
2024-06-26 0109-ERROR: Sample log message 109
2024-06-26 0110-WARNING: Sample log message 110
2024-06-26 0111-WARNING: Sample log message 111
2024-06-26 0112-WARNING: Sample log message 112
2024-06-26 0113-ERROR: Sample log message 113
2024-06-26 0114-INFO: Sample log message 114
2024-06-26 0115-ERROR: Sample log message 115
2024-06-26 0116-INFO: Sample log message 116
2024-06-26 0117-WARNING: Sample log message 117
2024-06-26 0118-DEBUG: Sample log message 118
2024-06-26 0119-ERROR: Sample log message 119
2024-06-26 0120-ERROR: Sample log message 120
2024-06-26 0121-ERROR: Sample log message 121
2024-06-26 0122-DEBUG: Sample log message 122
2024-06-26 0123-INFO: Sample log message 123
2024-06-26 0124-ERROR: Sample log message 124
2024-06-26 0125-INFO: Sample log message 125
2024-06-26 0126-DEBUG: Sample log message 126
2024-06-26 0127-DEBUG: Sample log message 127
2024-06-26 0128-INFO: Sample log message 128
2024-06-26 0129-INFO: Sample log message 129
2024-06-26 0130-WARNING: Sample log message 130
2024-06-26 0131-ERROR: Sample log message 131
2024-06-26 0132-DEBUG: Sample log message 132
2024-06-26 0133-ERROR: Sample log message 133
2024-06-26 0134-DEBUG: Sample log message 134
2024-06-26 0135-WARNING: Sample log message 135
2024-06-26 0136-WARNING: Sample log message 136
2024-06-26 0137-ERROR: Sample log message 137
2024-06-26 0138-INFO: Sample log message 138
2024-06-26 0139-ERROR: Sample log message 139
2024-06-26 0140-INFO: Sample log message 140
2024-06-26 0141-DEBUG: Sample log message 141
2024-06-26 0142-INFO: Sample log message 142
2024-06-26 0143-INFO: Sample log message 143
2024-06-26 0144-ERROR: Sample log message 144
2024-06-26 0145-WARNING: Sample log message 145
2024-06-26 0146-INFO: Sample log message 146
2024-06-26 0147-ERROR: Sample log message 147
2024-06-26 0148-DEBUG: Sample log message 148
2024-06-26 0149-DEBUG: Sample log message 149
2024-06-26 0150-ERROR: Sample log message 150
2024-06-26 0151-ERROR: Sample log message 151
2024-06-26 0152-DEBUG: Sample log message 152
2024-06-26 0153-DEBUG: Sample log message 153
2024-06-26 0154-DEBUG: Sample log message 154
2024-06-26 0155-DEBUG: Sample log message 155
2024-06-26 0156-INFO: Sample log message 156
2024-06-26 0157-INFO: Sample log message 157
2024-06-26 0158-DEBUG: Sample log message 158
2024-06-26 0159-DEBUG: Sample log message 159
2024-06-26 0160-DEBUG: Sample log message 160
2024-06-26 0161-WARNING: Sample log message 161
2024-06-26 0162-WARNING: Sample log message 162
2024-06-26 0163-ERROR: Sample log message 163
2024-06-26 0164-ERROR: Sample log message 164
2024-06-26 0165-WARNING: Sample log message 165
2024-06-26 0166-DEBUG: Sample log message 166
2024-06-26 0167-INFO: Sample log message 167
2024-06-26 0168-INFO: Sample log message 168
2024-06-26 0169-INFO: Sample log message 169
2024-06-26 0170-ERROR: Sample log message 170
2024-06-26 0171-DEBUG: Sample log message 171
2024-06-26 0172-DEBUG: Sample log message 172
2024-06-26 0173-ERROR: Sample log message 173
2024-06-26 0174-INFO: Sample log message 174
2024-06-26 0175-DEBUG: Sample log message 175
2024-06-26 0176-ERROR: Sample log message 176
2024-06-26 0177-DEBUG: Sample log message 177
2024-06-26 0178-DEBUG: Sample log message 178
2024-06-26 0179-DEBUG: Sample log message 179
2024-06-26 0180-ERROR: Sample log message 180
2024-06-26 0181-ERROR: Sample log message 181
2024-06-26 0182-WARNING: Sample log message 182
2024-06-26 0183-WARNING: Sample log message 183
2024-06-26 0184-ERROR: Sample log message 184
2024-06-26 0185-INFO: Sample log message 185
2024-06-26 0186-ERROR: Sample log message 186
2024-06-26 0187-DEBUG: Sample log message 187
2024-06-26 0188-DEBUG: Sample log message 188
2024-06-26 0189-INFO: Sample log message 189
2024-06-26 0190-INFO: Sample log message 190
2024-06-26 0191-ERROR: Sample log message 191
2024-06-26 0192-DEBUG: Sample log message 192
2024-06-26 0193-WARNING: Sample log message 193
2024-06-26 0194-ERROR: Sample log message 194
2024-06-26 0195-INFO: Sample log message 195
2024-06-26 0196-INFO: Sample log message 196
2024-06-26 0197-WARNING: Sample log message 197
2024-06-26 0198-ERROR: Sample log message 198
2024-06-26 0199-DEBUG: Sample log message 199
2024-06-26 0200-DEBUG: Sample log message 200
2024-06-26 0201-DEBUG: Sample log message 201
2024-06-26 0202-DEBUG: Sample log message 202
2024-06-26 0203-INFO: Sample log message 203
2024-06-26 0204-INFO: Sample log message 204
2024-06-26 0205-DEBUG: Sample log message 205
2024-06-26 0206-INFO: Sample log message 206
2024-06-26 0207-INFO: Sample log message 207
2024-06-26 0208-WARNING: Sample log message 208
2024-06-26 0209-INFO: Sample log message 209
2024-06-26 0210-DEBUG: Sample log message 210
2024-06-26 0211-WARNING: Sample log message 211
2024-06-26 0212-INFO: Sample log message 212
2024-06-26 0213-INFO: Sample log message 213
2024-06-26 0214-WARNING: Sample log message 214
2024-06-26 0215-INFO: Sample log message 215
2024-06-26 0216-WARNING: Sample log message 216
2024-06-26 0217-DEBUG: Sample log message 217
2024-06-26 0218-ERROR: Sample log message 218
2024-06-26 0219-ERROR: Sample log message 219
2024-06-26 0220-WARNING: Sample log message 220
2024-06-26 0221-ERROR: Sample log message 221
2024-06-26 0222-ERROR: Sample log message 222
2024-06-26 0223-ERROR: Sample log message 223
2024-06-26 0224-WARNING: Sample log message 224
2024-06-26 0225-WARNING: Sample log message 225
2024-06-26 0226-ERROR: Sample log message 226
2024-06-26 0227-ERROR: Sample log message 227
2024-06-26 0228-INFO: Sample log message 228
2024-06-26 0229-WARNING: Sample log message 229
2024-06-26 0230-DEBUG: Sample log message 230
2024-06-26 0231-WARNING: Sample log message 231
2024-06-26 0232-WARNING: Sample log message 232
2024-06-26 0233-INFO: Sample log message 233
2024-06-26 0234-INFO: Sample log message 234
2024-06-26 0235-INFO: Sample log message 235
2024-06-26 0236-WARNING: Sample log message 236
2024-06-26 0237-ERROR: Sample log message 237
2024-06-26 0238-INFO: Sample log message 238
2024-06-26 0239-INFO: Sample log message 239
2024-06-26 0240-DEBUG: Sample log message 240
2024-06-26 0241-WARNING: Sample log message 241
2024-06-26 0242-ERROR: Sample log message 242
2024-06-26 0243-WARNING: Sample log message 243
2024-06-26 0244-ERROR: Sample log message 244
2024-06-26 0245-ERROR: Sample log message 245
2024-06-26 0246-INFO: Sample log message 246
2024-06-26 0247-ERROR: Sample log message 247
2024-06-26 0248-ERROR: Sample log message 248
2024-06-26 0249-DEBUG: Sample log message 249
2024-06-26 0250-WARNING: Sample log message 250
2024-06-26 0251-ERROR: Sample log message 251
2024-06-26 0252-DEBUG: Sample log message 252
2024-06-26 0253-DEBUG: Sample log message 253
2024-06-26 0254-WARNING: Sample log message 254
2024-06-26 0255-ERROR: Sample log message 255
2024-06-26 0256-DEBUG: Sample log message 256
2024-06-26 0257-WARNING: Sample log message 257
2024-06-26 0258-WARNING: Sample log message 258
2024-06-26 0259-INFO: Sample log message 259
2024-06-26 0260-WARNING: Sample log message 260
2024-06-26 0261-WARNING: Sample log message 261
2024-06-26 0262-ERROR: Sample log message 262
2024-06-26 0263-ERROR: Sample log message 263
2024-06-26 0264-INFO: Sample log message 264
2024-06-26 0265-WARNING: Sample log message 265
2024-06-26 0266-WARNING: Sample log message 266
2024-06-26 0267-WARNING: Sample log message 267
2024-06-26 0268-WARNING: Sample log message 268
2024-06-26 0269-ERROR: Sample log message 269
2024-06-26 0270-DEBUG: Sample log message 270
2024-06-26 0271-WARNING: Sample log message 271
2024-06-26 0272-ERROR: Sample log message 272
2024-06-26 0273-DEBUG: Sample log message 273
2024-06-26 0274-DEBUG: Sample log message 274
2024-06-26 0275-DEBUG: Sample log message 275
2024-06-26 0276-ERROR: Sample log message 276
2024-06-26 0277-ERROR: Sample log message 277
2024-06-26 0278-ERROR: Sample log message 278
2024-06-26 0279-WARNING: Sample log message 279
2024-06-26 0280-ERROR: Sample log message 280
2024-06-26 0281-ERROR: Sample log message 281
2024-06-26 0282-INFO: Sample log message 282
2024-06-26 0283-ERROR: Sample log message 283
2024-06-26 0284-WARNING: Sample log message 284
2024-06-26 0285-WARNING: Sample log message 285
2024-06-26 0286-INFO: Sample log message 286
2024-06-26 0287-INFO: Sample log message 287
2024-06-26 0288-WARNING: Sample log message 288
2024-06-26 0289-ERROR: Sample log message 289
2024-06-26 0290-WARNING: Sample log message 290
2024-06-26 0291-INFO: Sample log message 291
2024-06-26 0292-WARNING: Sample log message 292
2024-06-26 0293-ERROR: Sample log message 293
2024-06-26 0294-ERROR: Sample log message 294
2024-06-26 0295-DEBUG: Sample log message 295
2024-06-26 0296-INFO: Sample log message 296
2024-06-26 0297-ERROR: Sample log message 297
2024-06-26 0298-WARNING: Sample log message 298
2024-06-26 0299-DEBUG: Sample log message 299
2024-06-26 0300-ERROR: Sample log message 300
2024-06-26 0301-INFO: Sample log message 301
2024-06-26 0302-WARNING: Sample log message 302
2024-06-26 0303-ERROR: Sample log message 303
2024-06-26 0304-ERROR: Sample log message 304
2024-06-26 0305-INFO: Sample log message 305
2024-06-26 0306-INFO: Sample log message 306
2024-06-26 0307-ERROR: Sample log message 307
2024-06-26 0308-INFO: Sample log message 308
2024-06-26 0309-WARNING: Sample log message 309
2024-06-26 0310-ERROR: Sample log message 310
2024-06-26 0311-INFO: Sample log message 311
2024-06-26 0312-ERROR: Sample log message 312
2024-06-26 0313-WARNING: Sample log message 313
2024-06-26 0314-INFO: Sample log message 314
2024-06-26 0315-WARNING: Sample log message 315
2024-06-26 0316-ERROR: Sample log message 316
2024-06-26 0317-INFO: Sample log message 317
2024-06-26 0318-DEBUG: Sample log message 318
2024-06-26 0319-DEBUG: Sample log message 319
2024-06-26 0320-DEBUG: Sample log message 320
2024-06-26 0321-ERROR: Sample log message 321
2024-06-26 0322-DEBUG: Sample log message 322
2024-06-26 0323-INFO: Sample log message 323
2024-06-26 0324-ERROR: Sample log message 324
2024-06-26 0325-INFO: Sample log message 325
2024-06-26 0326-INFO: Sample log message 326
2024-06-26 0327-DEBUG: Sample log message 327
2024-06-26 0328-ERROR: Sample log message 328
2024-06-26 0329-INFO: Sample log message 329
2024-06-26 0330-WARNING: Sample log message 330
2024-06-26 0331-DEBUG: Sample log message 331
2024-06-26 0332-INFO: Sample log message 332
2024-06-26 0333-ERROR: Sample log message 333
2024-06-26 0334-WARNING: Sample log message 334
2024-06-26 0335-WARNING: Sample log message 335
2024-06-26 0336-ERROR: Sample log message 336
2024-06-26 0337-ERROR: Sample log message 337
2024-06-26 0338-DEBUG: Sample log message 338
2024-06-26 0339-DEBUG: Sample log message 339
2024-06-26 0340-INFO: Sample log message 340
2024-06-26 0341-INFO: Sample log message 341
2024-06-26 0342-ERROR: Sample log message 342
2024-06-26 0343-WARNING: Sample log message 343
2024-06-26 0344-DEBUG: Sample log message 344
2024-06-26 0345-ERROR: Sample log message 345
2024-06-26 0346-WARNING: Sample log message 346
2024-06-26 0347-DEBUG: Sample log message 347
2024-06-26 0348-INFO: Sample log message 348
2024-06-26 0349-INFO: Sample log message 349
2024-06-26 0350-INFO: Sample log message 350
2024-06-26 0351-INFO: Sample log message 351
2024-06-26 0352-ERROR: Sample log message 352
2024-06-26 0353-DEBUG: Sample log message 353
2024-06-26 0354-DEBUG: Sample log message 354
2024-06-26 0355-DEBUG: Sample log message 355
2024-06-26 0356-ERROR: Sample log message 356
2024-06-26 0357-WARNING: Sample log message 357
2024-06-26 0358-INFO: Sample log message 358
2024-06-26 0359-WARNING: Sample log message 359
2024-06-26 0360-ERROR: Sample log message 360
2024-06-26 0361-ERROR: Sample log message 361
2024-06-26 0362-DEBUG: Sample log message 362
2024-06-26 0363-WARNING: Sample log message 363
2024-06-26 0364-INFO: Sample log message 364
2024-06-26 0365-WARNING: Sample log message 365
2024-06-26 0366-DEBUG: Sample log message 366
2024-06-26 0367-DEBUG: Sample log message 367
2024-06-26 0368-ERROR: Sample log message 368
2024-06-26 0369-WARNING: Sample log message 369
2024-06-26 0370-WARNING: Sample log message 370
2024-06-26 0371-INFO: Sample log message 371
2024-06-26 0372-DEBUG: Sample log message 372
2024-06-26 0373-DEBUG: Sample log message 373
2024-06-26 0374-DEBUG: Sample log message 374
2024-06-26 0375-DEBUG: Sample log message 375
2024-06-26 0376-ERROR: Sample log message 376
2024-06-26 0377-WARNING: Sample log message 377
2024-06-26 0378-WARNING: Sample log message 378
2024-06-26 0379-DEBUG: Sample log message 379
2024-06-26 0380-ERROR: Sample log message 380
2024-06-26 0381-INFO: Sample log message 381
2024-06-26 0382-WARNING: Sample log message 382
2024-06-26 0383-DEBUG: Sample log message 383
2024-06-26 0384-DEBUG: Sample log message 384
2024-06-26 0385-WARNING: Sample log message 385
2024-06-26 0386-DEBUG: Sample log message 386
2024-06-26 0387-WARNING: Sample log message 387
2024-06-26 0388-INFO: Sample log message 388
2024-06-26 0389-WARNING: Sample log message 389
2024-06-26 0390-ERROR: Sample log message 390
2024-06-26 0391-INFO: Sample log message 391
2024-06-26 0392-DEBUG: Sample log message 392
2024-06-26 0393-WARNING: Sample log message 393
2024-06-26 0394-INFO: Sample log message 394
2024-06-26 0395-DEBUG: Sample log message 395
2024-06-26 0396-ERROR: Sample log message 396
2024-06-26 0397-DEBUG: Sample log message 397
2024-06-26 0398-DEBUG: Sample log message 398
2024-06-26 0399-INFO: Sample log message 399
2024-06-26 0400-ERROR: Sample log message 400
2024-06-26 0401-ERROR: Sample log message 401
2024-06-26 0402-INFO: Sample log message 402
2024-06-26 0403-DEBUG: Sample log message 403
2024-06-26 0404-DEBUG: Sample log message 404
2024-06-26 0405-DEBUG: Sample log message 405
2024-06-26 0406-DEBUG: Sample log message 406
2024-06-26 0407-ERROR: Sample log message 407
2024-06-26 0408-DEBUG: Sample log message 408
2024-06-26 0409-DEBUG: Sample log message 409
2024-06-26 0410-DEBUG: Sample log message 410
2024-06-26 0411-ERROR: Sample log message 411
2024-06-26 0412-ERROR: Sample log message 412
2024-06-26 0413-DEBUG: Sample log message 413
2024-06-26 0414-INFO: Sample log message 414
2024-06-26 0415-DEBUG: Sample log message 415
2024-06-26 0416-INFO: Sample log message 416
2024-06-26 0417-DEBUG: Sample log message 417
2024-06-26 0418-ERROR: Sample log message 418
2024-06-26 0419-DEBUG: Sample log message 419
2024-06-26 0420-ERROR: Sample log message 420
2024-06-26 0421-ERROR: Sample log message 421
2024-06-26 0422-INFO: Sample log message 422
2024-06-26 0423-DEBUG: Sample log message 423
2024-06-26 0424-INFO: Sample log message 424
2024-06-26 0425-ERROR: Sample log message 425
2024-06-26 0426-ERROR: Sample log message 426
2024-06-26 0427-WARNING: Sample log message 427
2024-06-26 0428-INFO: Sample log message 428
2024-06-26 0429-WARNING: Sample log message 429
2024-06-26 0430-DEBUG: Sample log message 430
2024-06-26 0431-INFO: Sample log message 431
2024-06-26 0432-DEBUG: Sample log message 432
2024-06-26 0433-INFO: Sample log message 433
2024-06-26 0434-WARNING: Sample log message 434
2024-06-26 0435-DEBUG: Sample log message 435
2024-06-26 0436-WARNING: Sample log message 436
2024-06-26 0437-INFO: Sample log message 437
2024-06-26 0438-ERROR: Sample log message 438
2024-06-26 0439-WARNING: Sample log message 439
2024-06-26 0440-DEBUG: Sample log message 440
2024-06-26 0441-ERROR: Sample log message 441
2024-06-26 0442-DEBUG: Sample log message 442
2024-06-26 0443-INFO: Sample log message 443
2024-06-26 0444-ERROR: Sample log message 444
2024-06-26 0445-INFO: Sample log message 445
2024-06-26 0446-ERROR: Sample log message 446
2024-06-26 0447-DEBUG: Sample log message 447
2024-06-26 0448-WARNING: Sample log message 448
2024-06-26 0449-DEBUG: Sample log message 449
2024-06-26 0450-INFO: Sample log message 450
2024-06-26 0451-DEBUG: Sample log message 451
2024-06-26 0452-ERROR: Sample log message 452
2024-06-26 0453-ERROR: Sample log message 453
2024-06-26 0454-DEBUG: Sample log message 454
2024-06-26 0455-ERROR: Sample log message 455
2024-06-26 0456-DEBUG: Sample log message 456
2024-06-26 0457-ERROR: Sample log message 457
2024-06-26 0458-DEBUG: Sample log message 458
2024-06-26 0459-ERROR: Sample log message 459
2024-06-26 0460-ERROR: Sample log message 460
2024-06-26 0461-ERROR: Sample log message 461
2024-06-26 0462-WARNING: Sample log message 462
2024-06-26 0463-WARNING: Sample log message 463
2024-06-26 0464-WARNING: Sample log message 464
2024-06-26 0465-WARNING: Sample log message 465
2024-06-26 0466-DEBUG: Sample log message 466
2024-06-26 0467-DEBUG: Sample log message 467
2024-06-26 0468-WARNING: Sample log message 468
2024-06-26 0469-DEBUG: Sample log message 469
2024-06-26 0470-ERROR: Sample log message 470
2024-06-26 0471-WARNING: Sample log message 471
2024-06-26 0472-ERROR: Sample log message 472
2024-06-26 0473-DEBUG: Sample log message 473
2024-06-26 0474-ERROR: Sample log message 474
2024-06-26 0475-DEBUG: Sample log message 475
2024-06-26 0476-DEBUG: Sample log message 476
2024-06-26 0477-ERROR: Sample log message 477
2024-06-26 0478-WARNING: Sample log message 478
2024-06-26 0479-ERROR: Sample log message 479
2024-06-26 0480-ERROR: Sample log message 480
2024-06-26 0481-ERROR: Sample log message 481
2024-06-26 0482-INFO: Sample log message 482
2024-06-26 0483-DEBUG: Sample log message 483
2024-06-26 0484-INFO: Sample log message 484
2024-06-26 0485-INFO: Sample log message 485
2024-06-26 0486-WARNING: Sample log message 486
2024-06-26 0487-ERROR: Sample log message 487
2024-06-26 0488-ERROR: Sample log message 488
2024-06-26 0489-ERROR: Sample log message 489
2024-06-26 0490-INFO: Sample log message 490
2024-06-26 0491-DEBUG: Sample log message 491
2024-06-26 0492-WARNING: Sample log message 492
2024-06-26 0493-WARNING: Sample log message 493
2024-06-26 0494-INFO: Sample log message 494
2024-06-26 0495-ERROR: Sample log message 495
2024-06-26 0496-INFO: Sample log message 496
2024-06-26 0497-DEBUG: Sample log message 497
2024-06-26 0498-ERROR: Sample log message 498
2024-06-26 0499-WARNING: Sample log message 499
2024-06-26 0500-INFO: Sample log message 500
2024-06-26 0501-WARNING: Sample log message 501
2024-06-26 0502-ERROR: Sample log message 502
2024-06-26 0503-INFO: Sample log message 503
2024-06-26 0504-ERROR: Sample log message 504
2024-06-26 0505-INFO: Sample log message 505
2024-06-26 0506-DEBUG: Sample log message 506
2024-06-26 0507-DEBUG: Sample log message 507
2024-06-26 0508-WARNING: Sample log message 508
2024-06-26 0509-WARNING: Sample log message 509
2024-06-26 0510-DEBUG: Sample log message 510
2024-06-26 0511-INFO: Sample log message 511
2024-06-26 0512-INFO: Sample log message 512
2024-06-26 0513-INFO: Sample log message 513
2024-06-26 0514-ERROR: Sample log message 514
2024-06-26 0515-WARNING: Sample log message 515
2024-06-26 0516-INFO: Sample log message 516
2024-06-26 0517-ERROR: Sample log message 517
2024-06-26 0518-WARNING: Sample log message 518
2024-06-26 0519-WARNING: Sample log message 519
2024-06-26 0520-WARNING: Sample log message 520
2024-06-26 0521-INFO: Sample log message 521
2024-06-26 0522-INFO: Sample log message 522
2024-06-26 0523-INFO: Sample log message 523
2024-06-26 0524-ERROR: Sample log message 524
2024-06-26 0525-ERROR: Sample log message 525
2024-06-26 0526-ERROR: Sample log message 526
2024-06-26 0527-WARNING: Sample log message 527
2024-06-26 0528-WARNING: Sample log message 528
2024-06-26 0529-DEBUG: Sample log message 529
2024-06-26 0530-WARNING: Sample log message 530
2024-06-26 0531-ERROR: Sample log message 531
2024-06-26 0532-WARNING: Sample log message 532
2024-06-26 0533-INFO: Sample log message 533
2024-06-26 0534-DEBUG: Sample log message 534
2024-06-26 0535-DEBUG: Sample log message 535
2024-06-26 0536-WARNING: Sample log message 536
2024-06-26 0537-DEBUG: Sample log message 537
2024-06-26 0538-WARNING: Sample log message 538
2024-06-26 0539-WARNING: Sample log message 539
2024-06-26 0540-INFO: Sample log message 540
2024-06-26 0541-ERROR: Sample log message 541
2024-06-26 0542-INFO: Sample log message 542
2024-06-26 0543-WARNING: Sample log message 543
2024-06-26 0544-WARNING: Sample log message 544
2024-06-26 0545-ERROR: Sample log message 545
2024-06-26 0546-WARNING: Sample log message 546
2024-06-26 0547-DEBUG: Sample log message 547
2024-06-26 0548-INFO: Sample log message 548
2024-06-26 0549-WARNING: Sample log message 549
2024-06-26 0550-WARNING: Sample log message 550
2024-06-26 0551-DEBUG: Sample log message 551
2024-06-26 0552-DEBUG: Sample log message 552
2024-06-26 0553-DEBUG: Sample log message 553
2024-06-26 0554-WARNING: Sample log message 554
2024-06-26 0555-DEBUG: Sample log message 555
2024-06-26 0556-WARNING: Sample log message 556
2024-06-26 0557-WARNING: Sample log message 557
2024-06-26 0558-INFO: Sample log message 558
2024-06-26 0559-INFO: Sample log message 559
2024-06-26 0560-ERROR: Sample log message 560
2024-06-26 0561-WARNING: Sample log message 561
2024-06-26 0562-ERROR: Sample log message 562
2024-06-26 0563-DEBUG: Sample log message 563
2024-06-26 0564-WARNING: Sample log message 564
2024-06-26 0565-DEBUG: Sample log message 565
2024-06-26 0566-ERROR: Sample log message 566
2024-06-26 0567-WARNING: Sample log message 567
2024-06-26 0568-ERROR: Sample log message 568
2024-06-26 0569-ERROR: Sample log message 569
2024-06-26 0570-ERROR: Sample log message 570
2024-06-26 0571-INFO: Sample log message 571
2024-06-26 0572-DEBUG: Sample log message 572
2024-06-26 0573-WARNING: Sample log message 573
2024-06-26 0574-WARNING: Sample log message 574
2024-06-26 0575-INFO: Sample log message 575
2024-06-26 0576-INFO: Sample log message 576
2024-06-26 0577-DEBUG: Sample log message 577
2024-06-26 0578-DEBUG: Sample log message 578
2024-06-26 0579-ERROR: Sample log message 579
2024-06-26 0580-ERROR: Sample log message 580
2024-06-26 0581-WARNING: Sample log message 581
2024-06-26 0582-WARNING: Sample log message 582
2024-06-26 0583-INFO: Sample log message 583
2024-06-26 0584-INFO: Sample log message 584
2024-06-26 0585-WARNING: Sample log message 585
2024-06-26 0586-WARNING: Sample log message 586
2024-06-26 0587-ERROR: Sample log message 587
2024-06-26 0588-ERROR: Sample log message 588
2024-06-26 0589-INFO: Sample log message 589
2024-06-26 0590-INFO: Sample log message 590
2024-06-26 0591-INFO: Sample log message 591
2024-06-26 0592-ERROR: Sample log message 592
2024-06-26 0593-ERROR: Sample log message 593
2024-06-26 0594-INFO: Sample log message 594
2024-06-26 0595-ERROR: Sample log message 595
2024-06-26 0596-WARNING: Sample log message 596
2024-06-26 0597-ERROR: Sample log message 597
2024-06-26 0598-INFO: Sample log message 598
2024-06-26 0599-WARNING: Sample log message 599
2024-06-26 0600-INFO: Sample log message 600
2024-06-26 0601-DEBUG: Sample log message 601
2024-06-26 0602-ERROR: Sample log message 602
2024-06-26 0603-WARNING: Sample log message 603
2024-06-26 0604-ERROR: Sample log message 604
2024-06-26 0605-WARNING: Sample log message 605
2024-06-26 0606-ERROR: Sample log message 606
2024-06-26 0607-ERROR: Sample log message 607
2024-06-26 0608-INFO: Sample log message 608
2024-06-26 0609-INFO: Sample log message 609
2024-06-26 0610-WARNING: Sample log message 610
2024-06-26 0611-ERROR: Sample log message 611
2024-06-26 0612-INFO: Sample log message 612
2024-06-26 0613-INFO: Sample log message 613
2024-06-26 0614-INFO: Sample log message 614
2024-06-26 0615-WARNING: Sample log message 615
2024-06-26 0616-DEBUG: Sample log message 616
2024-06-26 0617-DEBUG: Sample log message 617
2024-06-26 0618-DEBUG: Sample log message 618
2024-06-26 0619-WARNING: Sample log message 619
2024-06-26 0620-INFO: Sample log message 620
2024-06-26 0621-DEBUG: Sample log message 621
2024-06-26 0622-DEBUG: Sample log message 622
2024-06-26 0623-WARNING: Sample log message 623
2024-06-26 0624-ERROR: Sample log message 624
2024-06-26 0625-WARNING: Sample log message 625
2024-06-26 0626-INFO: Sample log message 626
2024-06-26 0627-WARNING: Sample log message 627
2024-06-26 0628-WARNING: Sample log message 628
2024-06-26 0629-ERROR: Sample log message 629
2024-06-26 0630-ERROR: Sample log message 630
2024-06-26 0631-WARNING: Sample log message 631
2024-06-26 0632-INFO: Sample log message 632
2024-06-26 0633-ERROR: Sample log message 633
2024-06-26 0634-WARNING: Sample log message 634
2024-06-26 0635-DEBUG: Sample log message 635
2024-06-26 0636-DEBUG: Sample log message 636
2024-06-26 0637-ERROR: Sample log message 637
2024-06-26 0638-INFO: Sample log message 638
2024-06-26 0639-WARNING: Sample log message 639
2024-06-26 0640-WARNING: Sample log message 640
2024-06-26 0641-DEBUG: Sample log message 641
2024-06-26 0642-ERROR: Sample log message 642
2024-06-26 0643-WARNING: Sample log message 643
2024-06-26 0644-WARNING: Sample log message 644
2024-06-26 0645-WARNING: Sample log message 645
2024-06-26 0646-INFO: Sample log message 646
2024-06-26 0647-ERROR: Sample log message 647
2024-06-26 0648-DEBUG: Sample log message 648
2024-06-26 0649-ERROR: Sample log message 649
2024-06-26 0650-ERROR: Sample log message 650
2024-06-26 0651-ERROR: Sample log message 651
2024-06-26 0652-ERROR: Sample log message 652
2024-06-26 0653-INFO: Sample log message 653
2024-06-26 0654-ERROR: Sample log message 654
2024-06-26 0655-ERROR: Sample log message 655
2024-06-26 0656-WARNING: Sample log message 656
2024-06-26 0657-INFO: Sample log message 657
2024-06-26 0658-ERROR: Sample log message 658
2024-06-26 0659-ERROR: Sample log message 659
2024-06-26 0660-DEBUG: Sample log message 660
2024-06-26 0661-DEBUG: Sample log message 661
2024-06-26 0662-WARNING: Sample log message 662
2024-06-26 0663-ERROR: Sample log message 663
2024-06-26 0664-ERROR: Sample log message 664
2024-06-26 0665-ERROR: Sample log message 665
2024-06-26 0666-INFO: Sample log message 666
2024-06-26 0667-ERROR: Sample log message 667
2024-06-26 0668-ERROR: Sample log message 668
2024-06-26 0669-DEBUG: Sample log message 669
2024-06-26 0670-WARNING: Sample log message 670
2024-06-26 0671-WARNING: Sample log message 671
2024-06-26 0672-ERROR: Sample log message 672
2024-06-26 0673-DEBUG: Sample log message 673
2024-06-26 0674-WARNING: Sample log message 674
2024-06-26 0675-WARNING: Sample log message 675
2024-06-26 0676-ERROR: Sample log message 676
2024-06-26 0677-INFO: Sample log message 677
2024-06-26 0678-INFO: Sample log message 678
2024-06-26 0679-INFO: Sample log message 679
2024-06-26 0680-ERROR: Sample log message 680
2024-06-26 0681-WARNING: Sample log message 681
2024-06-26 0682-WARNING: Sample log message 682
2024-06-26 0683-ERROR: Sample log message 683
2024-06-26 0684-WARNING: Sample log message 684
2024-06-26 0685-DEBUG: Sample log message 685
2024-06-26 0686-WARNING: Sample log message 686
2024-06-26 0687-DEBUG: Sample log message 687
2024-06-26 0688-ERROR: Sample log message 688
2024-06-26 0689-INFO: Sample log message 689
2024-06-26 0690-DEBUG: Sample log message 690
2024-06-26 0691-WARNING: Sample log message 691
2024-06-26 0692-INFO: Sample log message 692
2024-06-26 0693-DEBUG: Sample log message 693
2024-06-26 0694-DEBUG: Sample log message 694
2024-06-26 0695-DEBUG: Sample log message 695
2024-06-26 0696-DEBUG: Sample log message 696
2024-06-26 0697-ERROR: Sample log message 697
2024-06-26 0698-DEBUG: Sample log message 698
2024-06-26 0699-WARNING: Sample log message 699
2024-06-26 0700-WARNING: Sample log message 700
2024-06-26 0701-INFO: Sample log message 701
2024-06-26 0702-ERROR: Sample log message 702
2024-06-26 0703-DEBUG: Sample log message 703
2024-06-26 0704-INFO: Sample log message 704
2024-06-26 0705-WARNING: Sample log message 705
2024-06-26 0706-WARNING: Sample log message 706
2024-06-26 0707-INFO: Sample log message 707
2024-06-26 0708-DEBUG: Sample log message 708
2024-06-26 0709-WARNING: Sample log message 709
2024-06-26 0710-WARNING: Sample log message 710
2024-06-26 0711-WARNING: Sample log message 711
2024-06-26 0712-WARNING: Sample log message 712
2024-06-26 0713-WARNING: Sample log message 713
2024-06-26 0714-INFO: Sample log message 714
2024-06-26 0715-WARNING: Sample log message 715
2024-06-26 0716-INFO: Sample log message 716
2024-06-26 0717-DEBUG: Sample log message 717
2024-06-26 0718-INFO: Sample log message 718
2024-06-26 0719-WARNING: Sample log message 719
2024-06-26 0720-WARNING: Sample log message 720
2024-06-26 0721-ERROR: Sample log message 721
2024-06-26 0722-ERROR: Sample log message 722
2024-06-26 0723-ERROR: Sample log message 723
2024-06-26 0724-DEBUG: Sample log message 724
2024-06-26 0725-WARNING: Sample log message 725
2024-06-26 0726-ERROR: Sample log message 726
2024-06-26 0727-DEBUG: Sample log message 727
2024-06-26 0728-WARNING: Sample log message 728
2024-06-26 0729-INFO: Sample log message 729
2024-06-26 0730-INFO: Sample log message 730
2024-06-26 0731-ERROR: Sample log message 731
2024-06-26 0732-DEBUG: Sample log message 732
2024-06-26 0733-INFO: Sample log message 733
2024-06-26 0734-WARNING: Sample log message 734
2024-06-26 0735-INFO: Sample log message 735
2024-06-26 0736-DEBUG: Sample log message 736
2024-06-26 0737-WARNING: Sample log message 737
2024-06-26 0738-DEBUG: Sample log message 738
2024-06-26 0739-WARNING: Sample log message 739
2024-06-26 0740-ERROR: Sample log message 740
2024-06-26 0741-WARNING: Sample log message 741
2024-06-26 0742-WARNING: Sample log message 742
2024-06-26 0743-ERROR: Sample log message 743
2024-06-26 0744-WARNING: Sample log message 744
2024-06-26 0745-ERROR: Sample log message 745
2024-06-26 0746-WARNING: Sample log message 746
2024-06-26 0747-INFO: Sample log message 747
2024-06-26 0748-WARNING: Sample log message 748
2024-06-26 0749-DEBUG: Sample log message 749
2024-06-26 0750-INFO: Sample log message 750
2024-06-26 0751-DEBUG: Sample log message 751
2024-06-26 0752-ERROR: Sample log message 752
2024-06-26 0753-WARNING: Sample log message 753
2024-06-26 0754-WARNING: Sample log message 754
2024-06-26 0755-ERROR: Sample log message 755
2024-06-26 0756-INFO: Sample log message 756
2024-06-26 0757-DEBUG: Sample log message 757
2024-06-26 0758-ERROR: Sample log message 758
2024-06-26 0759-DEBUG: Sample log message 759
2024-06-26 0760-DEBUG: Sample log message 760
2024-06-26 0761-DEBUG: Sample log message 761
2024-06-26 0762-ERROR: Sample log message 762
2024-06-26 0763-ERROR: Sample log message 763
2024-06-26 0764-INFO: Sample log message 764
2024-06-26 0765-INFO: Sample log message 765
2024-06-26 0766-ERROR: Sample log message 766
2024-06-26 0767-DEBUG: Sample log message 767
2024-06-26 0768-WARNING: Sample log message 768
2024-06-26 0769-WARNING: Sample log message 769
2024-06-26 0770-WARNING: Sample log message 770
2024-06-26 0771-WARNING: Sample log message 771
2024-06-26 0772-ERROR: Sample log message 772
2024-06-26 0773-DEBUG: Sample log message 773
2024-06-26 0774-DEBUG: Sample log message 774
2024-06-26 0775-INFO: Sample log message 775
2024-06-26 0776-INFO: Sample log message 776
2024-06-26 0777-DEBUG: Sample log message 777
2024-06-26 0778-ERROR: Sample log message 778
2024-06-26 0779-DEBUG: Sample log message 779
2024-06-26 0780-ERROR: Sample log message 780
2024-06-26 0781-INFO: Sample log message 781
2024-06-26 0782-DEBUG: Sample log message 782
2024-06-26 0783-INFO: Sample log message 783
2024-06-26 0784-ERROR: Sample log message 784
2024-06-26 0785-WARNING: Sample log message 785
2024-06-26 0786-INFO: Sample log message 786
2024-06-26 0787-DEBUG: Sample log message 787
2024-06-26 0788-WARNING: Sample log message 788
2024-06-26 0789-WARNING: Sample log message 789
2024-06-26 0790-WARNING: Sample log message 790
2024-06-26 0791-ERROR: Sample log message 791
2024-06-26 0792-INFO: Sample log message 792
2024-06-26 0793-ERROR: Sample log message 793
2024-06-26 0794-ERROR: Sample log message 794
2024-06-26 0795-WARNING: Sample log message 795
2024-06-26 0796-ERROR: Sample log message 796
2024-06-26 0797-WARNING: Sample log message 797
2024-06-26 0798-INFO: Sample log message 798
2024-06-26 0799-INFO: Sample log message 799
2024-06-26 0800-INFO: Sample log message 800
2024-06-26 0801-WARNING: Sample log message 801
2024-06-26 0802-ERROR: Sample log message 802
2024-06-26 0803-ERROR: Sample log message 803
2024-06-26 0804-INFO: Sample log message 804
2024-06-26 0805-ERROR: Sample log message 805
2024-06-26 0806-WARNING: Sample log message 806
2024-06-26 0807-DEBUG: Sample log message 807
2024-06-26 0808-ERROR: Sample log message 808
2024-06-26 0809-WARNING: Sample log message 809
2024-06-26 0810-WARNING: Sample log message 810
2024-06-26 0811-INFO: Sample log message 811
2024-06-26 0812-ERROR: Sample log message 812
2024-06-26 0813-INFO: Sample log message 813
2024-06-26 0814-DEBUG: Sample log message 814
2024-06-26 0815-ERROR: Sample log message 815
2024-06-26 0816-INFO: Sample log message 816
2024-06-26 0817-INFO: Sample log message 817
2024-06-26 0818-ERROR: Sample log message 818
2024-06-26 0819-INFO: Sample log message 819
2024-06-26 0820-ERROR: Sample log message 820
2024-06-26 0821-WARNING: Sample log message 821
2024-06-26 0822-WARNING: Sample log message 822
2024-06-26 0823-WARNING: Sample log message 823
2024-06-26 0824-DEBUG: Sample log message 824
2024-06-26 0825-WARNING: Sample log message 825
2024-06-26 0826-ERROR: Sample log message 826
2024-06-26 0827-WARNING: Sample log message 827
2024-06-26 0828-INFO: Sample log message 828
2024-06-26 0829-ERROR: Sample log message 829
2024-06-26 0830-ERROR: Sample log message 830
2024-06-26 0831-INFO: Sample log message 831
2024-06-26 0832-DEBUG: Sample log message 832
2024-06-26 0833-INFO: Sample log message 833
2024-06-26 0834-DEBUG: Sample log message 834
2024-06-26 0835-DEBUG: Sample log message 835
2024-06-26 0836-WARNING: Sample log message 836
2024-06-26 0837-WARNING: Sample log message 837
2024-06-26 0838-ERROR: Sample log message 838
2024-06-26 0839-ERROR: Sample log message 839
2024-06-26 0840-ERROR: Sample log message 840
2024-06-26 0841-ERROR: Sample log message 841
2024-06-26 0842-ERROR: Sample log message 842
2024-06-26 0843-INFO: Sample log message 843
2024-06-26 0844-ERROR: Sample log message 844
2024-06-26 0845-ERROR: Sample log message 845
2024-06-26 0846-ERROR: Sample log message 846
2024-06-26 0847-DEBUG: Sample log message 847
2024-06-26 0848-INFO: Sample log message 848
2024-06-26 0849-DEBUG: Sample log message 849
2024-06-26 0850-INFO: Sample log message 850
2024-06-26 0851-INFO: Sample log message 851
2024-06-26 0852-DEBUG: Sample log message 852
2024-06-26 0853-ERROR: Sample log message 853
2024-06-26 0854-ERROR: Sample log message 854
2024-06-26 0855-ERROR: Sample log message 855
2024-06-26 0856-WARNING: Sample log message 856
2024-06-26 0857-WARNING: Sample log message 857
2024-06-26 0858-INFO: Sample log message 858
2024-06-26 0859-ERROR: Sample log message 859
2024-06-26 0860-DEBUG: Sample log message 860
2024-06-26 0861-ERROR: Sample log message 861
2024-06-26 0862-WARNING: Sample log message 862
2024-06-26 0863-DEBUG: Sample log message 863
2024-06-26 0864-WARNING: Sample log message 864
2024-06-26 0865-DEBUG: Sample log message 865
2024-06-26 0866-INFO: Sample log message 866
2024-06-26 0867-ERROR: Sample log message 867
2024-06-26 0868-ERROR: Sample log message 868
2024-06-26 0869-DEBUG: Sample log message 869
2024-06-26 0870-INFO: Sample log message 870
2024-06-26 0871-INFO: Sample log message 871
2024-06-26 0872-ERROR: Sample log message 872
2024-06-26 0873-ERROR: Sample log message 873
2024-06-26 0874-ERROR: Sample log message 874
2024-06-26 0875-INFO: Sample log message 875
2024-06-26 0876-ERROR: Sample log message 876
2024-06-26 0877-WARNING: Sample log message 877
2024-06-26 0878-WARNING: Sample log message 878
2024-06-26 0879-ERROR: Sample log message 879
2024-06-26 0880-DEBUG: Sample log message 880
2024-06-26 0881-INFO: Sample log message 881
2024-06-26 0882-WARNING: Sample log message 882
2024-06-26 0883-DEBUG: Sample log message 883
2024-06-26 0884-INFO: Sample log message 884
2024-06-26 0885-ERROR: Sample log message 885
2024-06-26 0886-DEBUG: Sample log message 886
2024-06-26 0887-ERROR: Sample log message 887
2024-06-26 0888-INFO: Sample log message 888
2024-06-26 0889-DEBUG: Sample log message 889
2024-06-26 0890-INFO: Sample log message 890
2024-06-26 0891-WARNING: Sample log message 891
2024-06-26 0892-DEBUG: Sample log message 892
2024-06-26 0893-WARNING: Sample log message 893
2024-06-26 0894-INFO: Sample log message 894
2024-06-26 0895-INFO: Sample log message 895
2024-06-26 0896-INFO: Sample log message 896
2024-06-26 0897-INFO: Sample log message 897
2024-06-26 0898-WARNING: Sample log message 898
2024-06-26 0899-ERROR: Sample log message 899
2024-06-26 0900-INFO: Sample log message 900
2024-06-26 0901-WARNING: Sample log message 901
2024-06-26 0902-ERROR: Sample log message 902
2024-06-26 0903-WARNING: Sample log message 903
2024-06-26 0904-ERROR: Sample log message 904
2024-06-26 0905-INFO: Sample log message 905
2024-06-26 0906-ERROR: Sample log message 906
2024-06-26 0907-INFO: Sample log message 907
2024-06-26 0908-INFO: Sample log message 908
2024-06-26 0909-DEBUG: Sample log message 909
2024-06-26 0910-DEBUG: Sample log message 910
2024-06-26 0911-INFO: Sample log message 911
2024-06-26 0912-DEBUG: Sample log message 912
2024-06-26 0913-WARNING: Sample log message 913
2024-06-26 0914-DEBUG: Sample log message 914
2024-06-26 0915-ERROR: Sample log message 915
2024-06-26 0916-INFO: Sample log message 916
2024-06-26 0917-DEBUG: Sample log message 917
2024-06-26 0918-DEBUG: Sample log message 918
2024-06-26 0919-ERROR: Sample log message 919
2024-06-26 0920-WARNING: Sample log message 920
2024-06-26 0921-WARNING: Sample log message 921
2024-06-26 0922-ERROR: Sample log message 922
2024-06-26 0923-ERROR: Sample log message 923
2024-06-26 0924-WARNING: Sample log message 924
2024-06-26 0925-ERROR: Sample log message 925
2024-06-26 0926-WARNING: Sample log message 926
2024-06-26 0927-DEBUG: Sample log message 927
2024-06-26 0928-ERROR: Sample log message 928
2024-06-26 0929-ERROR: Sample log message 929
2024-06-26 0930-DEBUG: Sample log message 930
2024-06-26 0931-INFO: Sample log message 931
2024-06-26 0932-WARNING: Sample log message 932
2024-06-26 0933-ERROR: Sample log message 933
2024-06-26 0934-INFO: Sample log message 934
2024-06-26 0935-DEBUG: Sample log message 935
2024-06-26 0936-ERROR: Sample log message 936
2024-06-26 0937-DEBUG: Sample log message 937
2024-06-26 0938-ERROR: Sample log message 938
2024-06-26 0939-ERROR: Sample log message 939
2024-06-26 0940-INFO: Sample log message 940
2024-06-26 0941-ERROR: Sample log message 941
2024-06-26 0942-INFO: Sample log message 942
2024-06-26 0943-INFO: Sample log message 943
2024-06-26 0944-ERROR: Sample log message 944
2024-06-26 0945-ERROR: Sample log message 945
2024-06-26 0946-ERROR: Sample log message 946
2024-06-26 0947-DEBUG: Sample log message 947
2024-06-26 0948-INFO: Sample log message 948
2024-06-26 0949-INFO: Sample log message 949
2024-06-26 0950-DEBUG: Sample log message 950
2024-06-26 0951-INFO: Sample log message 951
2024-06-26 0952-ERROR: Sample log message 952
2024-06-26 0953-DEBUG: Sample log message 953
2024-06-26 0954-WARNING: Sample log message 954
2024-06-26 0955-ERROR: Sample log message 955
2024-06-26 0956-WARNING: Sample log message 956
2024-06-26 0957-DEBUG: Sample log message 957
2024-06-26 0958-INFO: Sample log message 958
2024-06-26 0959-ERROR: Sample log message 959
2024-06-26 0960-DEBUG: Sample log message 960
2024-06-26 0961-WARNING: Sample log message 961
2024-06-26 0962-DEBUG: Sample log message 962
2024-06-26 0963-DEBUG: Sample log message 963
2024-06-26 0964-DEBUG: Sample log message 964
2024-06-26 0965-ERROR: Sample log message 965
2024-06-26 0966-DEBUG: Sample log message 966
2024-06-26 0967-WARNING: Sample log message 967
2024-06-26 0968-INFO: Sample log message 968
2024-06-26 0969-INFO: Sample log message 969
2024-06-26 0970-ERROR: Sample log message 970
2024-06-26 0971-WARNING: Sample log message 971
2024-06-26 0972-ERROR: Sample log message 972
2024-06-26 0973-WARNING: Sample log message 973
2024-06-26 0974-INFO: Sample log message 974
2024-06-26 0975-DEBUG: Sample log message 975
2024-06-26 0976-INFO: Sample log message 976
2024-06-26 0977-ERROR: Sample log message 977
2024-06-26 0978-WARNING: Sample log message 978
2024-06-26 0979-DEBUG: Sample log message 979
2024-06-26 0980-INFO: Sample log message 980
2024-06-26 0981-INFO: Sample log message 981
2024-06-26 0982-ERROR: Sample log message 982
2024-06-26 0983-ERROR: Sample log message 983
2024-06-26 0984-WARNING: Sample log message 984
2024-06-26 0985-DEBUG: Sample log message 985
2024-06-26 0986-DEBUG: Sample log message 986
2024-06-26 0987-INFO: Sample log message 987
2024-06-26 0988-INFO: Sample log message 988
2024-06-26 0989-WARNING: Sample log message 989
2024-06-26 0990-DEBUG: Sample log message 990
2024-06-26 0991-WARNING: Sample log message 991
2024-06-26 0992-ERROR: Sample log message 992
2024-06-26 0993-DEBUG: Sample log message 993
2024-06-26 0994-INFO: Sample log message 994
2024-06-26 0995-DEBUG: Sample log message 995
2024-06-26 0996-INFO: Sample log message 996
2024-06-26 0997-DEBUG: Sample log message 997
2024-06-26 0998-INFO: Sample log message 998
2024-06-26 0999-DEBUG: Sample log message 999
